{"/Users/Felix/projects/bloq/metronomejs/src/buildClient.js": {"path":"/Users/Felix/projects/bloq/metronomejs/src/buildClient.js","statementMap":{"0":{"start":{"line":1,"column":23},"end":{"line":1,"column":50}},"1":{"start":{"line":2,"column":23},"end":{"line":2,"column":50}},"2":{"start":{"line":4,"column":20},"end":{"line":4,"column":102}},"3":{"start":{"line":4,"column":31},"end":{"line":4,"column":102}},"4":{"start":{"line":6,"column":0},"end":{"line":6,"column":28}}},"fnMap":{"0":{"name":"(anonymous_0)","decl":{"start":{"line":4,"column":20},"end":{"line":4,"column":21}},"loc":{"start":{"line":4,"column":31},"end":{"line":4,"column":102}},"line":4}},"branchMap":{},"s":{"0":1,"1":1,"2":1,"3":0,"4":1},"f":{"0":0},"b":{},"_coverageSchema":"332fd63041d2c1bcb487cc26dd0d5f7d97098a6c","hash":"649471c9286489edf4f54154beae17426ce327bb"}
,"/Users/Felix/projects/bloq/metronomejs/src/buildContracts.js": {"path":"/Users/Felix/projects/bloq/metronomejs/src/buildContracts.js","statementMap":{"0":{"start":{"line":1,"column":26},"end":{"line":1,"column":76}},"1":{"start":{"line":2,"column":33},"end":{"line":2,"column":90}},"2":{"start":{"line":3,"column":22},"end":{"line":3,"column":68}},"3":{"start":{"line":4,"column":29},"end":{"line":4,"column":82}},"4":{"start":{"line":5,"column":23},"end":{"line":5,"column":70}},"5":{"start":{"line":8,"column":23},"end":{"line":29,"column":1}},"6":{"start":{"line":9,"column":2},"end":{"line":9,"column":49}},"7":{"start":{"line":10,"column":2},"end":{"line":10,"column":49}},"8":{"start":{"line":11,"column":2},"end":{"line":11,"column":45}},"9":{"start":{"line":12,"column":2},"end":{"line":12,"column":52}},"10":{"start":{"line":13,"column":2},"end":{"line":13,"column":46}},"11":{"start":{"line":16,"column":20},"end":{"line":16,"column":22}},"12":{"start":{"line":17,"column":2},"end":{"line":17,"column":59}},"13":{"start":{"line":18,"column":2},"end":{"line":18,"column":66}},"14":{"start":{"line":19,"column":2},"end":{"line":19,"column":55}},"15":{"start":{"line":20,"column":2},"end":{"line":20,"column":62}},"16":{"start":{"line":21,"column":2},"end":{"line":21,"column":56}},"17":{"start":{"line":24,"column":2},"end":{"line":28,"column":5}},"18":{"start":{"line":26,"column":74},"end":{"line":28,"column":3}},"19":{"start":{"line":31,"column":0},"end":{"line":31,"column":31}}},"fnMap":{"0":{"name":"(anonymous_0)","decl":{"start":{"line":8,"column":23},"end":{"line":8,"column":24}},"loc":{"start":{"line":8,"column":34},"end":{"line":29,"column":1}},"line":8},"1":{"name":"(anonymous_1)","decl":{"start":{"line":26,"column":9},"end":{"line":26,"column":10}},"loc":{"start":{"line":26,"column":74},"end":{"line":28,"column":3}},"line":26}},"branchMap":{},"s":{"0":1,"1":1,"2":1,"3":1,"4":1,"5":1,"6":0,"7":0,"8":0,"9":0,"10":0,"11":0,"12":0,"13":0,"14":0,"15":0,"16":0,"17":0,"18":0,"19":1},"f":{"0":0,"1":0},"b":{},"_coverageSchema":"332fd63041d2c1bcb487cc26dd0d5f7d97098a6c","hash":"6b7edbe31eb27d582b92e9de47c9fe6ff2b969dd"}
,"/Users/Felix/projects/bloq/metronomejs/src/buildInterface.js": {"path":"/Users/Felix/projects/bloq/metronomejs/src/buildInterface.js","statementMap":{"0":{"start":{"line":4,"column":12},"end":{"line":10,"column":1}},"1":{"start":{"line":8,"column":2},"end":{"line":8,"column":22}},"2":{"start":{"line":9,"column":2},"end":{"line":9,"column":12}},"3":{"start":{"line":12,"column":20},"end":{"line":15,"column":1}},"4":{"start":{"line":13,"column":2},"end":{"line":13,"column":20}},"5":{"start":{"line":14,"column":2},"end":{"line":14,"column":11}},"6":{"start":{"line":17,"column":23},"end":{"line":247,"column":2}},"7":{"start":{"line":25,"column":7},"end":{"line":247,"column":1}},"8":{"start":{"line":37,"column":20},"end":{"line":37,"column":70}},"9":{"start":{"line":46,"column":27},"end":{"line":46,"column":93}},"10":{"start":{"line":59,"column":23},"end":{"line":59,"column":75}},"11":{"start":{"line":70,"column":23},"end":{"line":70,"column":75}},"12":{"start":{"line":82,"column":25},"end":{"line":82,"column":86}},"13":{"start":{"line":95,"column":4},"end":{"line":95,"column":58}},"14":{"start":{"line":106,"column":26},"end":{"line":106,"column":80}},"15":{"start":{"line":115,"column":28},"end":{"line":115,"column":84}},"16":{"start":{"line":124,"column":28},"end":{"line":124,"column":84}},"17":{"start":{"line":132,"column":29},"end":{"line":132,"column":91}},"18":{"start":{"line":138,"column":30},"end":{"line":138,"column":93}},"19":{"start":{"line":144,"column":33},"end":{"line":144,"column":99}},"20":{"start":{"line":153,"column":19},"end":{"line":153,"column":71}},"21":{"start":{"line":168,"column":31},"end":{"line":168,"column":95}},"22":{"start":{"line":180,"column":19},"end":{"line":180,"column":74}},"23":{"start":{"line":189,"column":22},"end":{"line":189,"column":80}},"24":{"start":{"line":203,"column":21},"end":{"line":203,"column":78}},"25":{"start":{"line":213,"column":30},"end":{"line":213,"column":96}},"26":{"start":{"line":226,"column":27},"end":{"line":226,"column":90}},"27":{"start":{"line":236,"column":23},"end":{"line":236,"column":82}},"28":{"start":{"line":246,"column":28},"end":{"line":246,"column":92}},"29":{"start":{"line":249,"column":0},"end":{"line":249,"column":31}}},"fnMap":{"0":{"name":"(anonymous_0)","decl":{"start":{"line":4,"column":12},"end":{"line":4,"column":13}},"loc":{"start":{"line":4,"column":19},"end":{"line":10,"column":1}},"line":4},"1":{"name":"(anonymous_1)","decl":{"start":{"line":12,"column":20},"end":{"line":12,"column":21}},"loc":{"start":{"line":12,"column":27},"end":{"line":15,"column":1}},"line":12},"2":{"name":"(anonymous_2)","decl":{"start":{"line":17,"column":23},"end":{"line":17,"column":24}},"loc":{"start":{"line":25,"column":7},"end":{"line":247,"column":1}},"line":25},"3":{"name":"(anonymous_3)","decl":{"start":{"line":37,"column":12},"end":{"line":37,"column":13}},"loc":{"start":{"line":37,"column":20},"end":{"line":37,"column":70}},"line":37},"4":{"name":"(anonymous_4)","decl":{"start":{"line":46,"column":19},"end":{"line":46,"column":20}},"loc":{"start":{"line":46,"column":27},"end":{"line":46,"column":93}},"line":46},"5":{"name":"(anonymous_5)","decl":{"start":{"line":59,"column":15},"end":{"line":59,"column":16}},"loc":{"start":{"line":59,"column":23},"end":{"line":59,"column":75}},"line":59},"6":{"name":"(anonymous_6)","decl":{"start":{"line":70,"column":15},"end":{"line":70,"column":16}},"loc":{"start":{"line":70,"column":23},"end":{"line":70,"column":75}},"line":70},"7":{"name":"(anonymous_7)","decl":{"start":{"line":82,"column":17},"end":{"line":82,"column":18}},"loc":{"start":{"line":82,"column":25},"end":{"line":82,"column":86}},"line":82},"8":{"name":"(anonymous_8)","decl":{"start":{"line":94,"column":18},"end":{"line":94,"column":19}},"loc":{"start":{"line":95,"column":4},"end":{"line":95,"column":58}},"line":95},"9":{"name":"(anonymous_9)","decl":{"start":{"line":106,"column":18},"end":{"line":106,"column":19}},"loc":{"start":{"line":106,"column":26},"end":{"line":106,"column":80}},"line":106},"10":{"name":"(anonymous_10)","decl":{"start":{"line":115,"column":20},"end":{"line":115,"column":21}},"loc":{"start":{"line":115,"column":28},"end":{"line":115,"column":84}},"line":115},"11":{"name":"(anonymous_11)","decl":{"start":{"line":124,"column":20},"end":{"line":124,"column":21}},"loc":{"start":{"line":124,"column":28},"end":{"line":124,"column":84}},"line":124},"12":{"name":"(anonymous_12)","decl":{"start":{"line":132,"column":21},"end":{"line":132,"column":22}},"loc":{"start":{"line":132,"column":29},"end":{"line":132,"column":91}},"line":132},"13":{"name":"(anonymous_13)","decl":{"start":{"line":138,"column":22},"end":{"line":138,"column":23}},"loc":{"start":{"line":138,"column":30},"end":{"line":138,"column":93}},"line":138},"14":{"name":"(anonymous_14)","decl":{"start":{"line":144,"column":25},"end":{"line":144,"column":26}},"loc":{"start":{"line":144,"column":33},"end":{"line":144,"column":99}},"line":144},"15":{"name":"(anonymous_15)","decl":{"start":{"line":153,"column":11},"end":{"line":153,"column":12}},"loc":{"start":{"line":153,"column":19},"end":{"line":153,"column":71}},"line":153},"16":{"name":"(anonymous_16)","decl":{"start":{"line":168,"column":23},"end":{"line":168,"column":24}},"loc":{"start":{"line":168,"column":31},"end":{"line":168,"column":95}},"line":168},"17":{"name":"(anonymous_17)","decl":{"start":{"line":180,"column":11},"end":{"line":180,"column":12}},"loc":{"start":{"line":180,"column":19},"end":{"line":180,"column":74}},"line":180},"18":{"name":"(anonymous_18)","decl":{"start":{"line":189,"column":14},"end":{"line":189,"column":15}},"loc":{"start":{"line":189,"column":22},"end":{"line":189,"column":80}},"line":189},"19":{"name":"(anonymous_19)","decl":{"start":{"line":203,"column":13},"end":{"line":203,"column":14}},"loc":{"start":{"line":203,"column":21},"end":{"line":203,"column":78}},"line":203},"20":{"name":"(anonymous_20)","decl":{"start":{"line":213,"column":22},"end":{"line":213,"column":23}},"loc":{"start":{"line":213,"column":30},"end":{"line":213,"column":96}},"line":213},"21":{"name":"(anonymous_21)","decl":{"start":{"line":226,"column":19},"end":{"line":226,"column":20}},"loc":{"start":{"line":226,"column":27},"end":{"line":226,"column":90}},"line":226},"22":{"name":"(anonymous_22)","decl":{"start":{"line":236,"column":15},"end":{"line":236,"column":16}},"loc":{"start":{"line":236,"column":23},"end":{"line":236,"column":82}},"line":236},"23":{"name":"(anonymous_23)","decl":{"start":{"line":246,"column":20},"end":{"line":246,"column":21}},"loc":{"start":{"line":246,"column":28},"end":{"line":246,"column":92}},"line":246}},"branchMap":{},"s":{"0":1,"1":0,"2":0,"3":1,"4":0,"5":0,"6":1,"7":0,"8":0,"9":0,"10":0,"11":0,"12":0,"13":0,"14":0,"15":0,"16":0,"17":0,"18":0,"19":0,"20":0,"21":0,"22":0,"23":0,"24":0,"25":0,"26":0,"27":0,"28":0,"29":1},"f":{"0":0,"1":0,"2":0,"3":0,"4":0,"5":0,"6":0,"7":0,"8":0,"9":0,"10":0,"11":0,"12":0,"13":0,"14":0,"15":0,"16":0,"17":0,"18":0,"19":0,"20":0,"21":0,"22":0,"23":0},"b":{},"_coverageSchema":"332fd63041d2c1bcb487cc26dd0d5f7d97098a6c","hash":"6796029e787d3548fa511ec08fab3354ae645ab5"}
,"/Users/Felix/projects/bloq/metronomejs/src/index.js": {"path":"/Users/Felix/projects/bloq/metronomejs/src/index.js","statementMap":{"0":{"start":{"line":1,"column":13},"end":{"line":1,"column":28}},"1":{"start":{"line":2,"column":20},"end":{"line":2,"column":44}},"2":{"start":{"line":3,"column":18},"end":{"line":3,"column":20}},"3":{"start":{"line":5,"column":22},"end":{"line":15,"column":1}},"4":{"start":{"line":17,"column":0},"end":{"line":29,"column":1}},"5":{"start":{"line":18,"column":17},"end":{"line":18,"column":65}},"6":{"start":{"line":19,"column":19},"end":{"line":19,"column":67}},"7":{"start":{"line":20,"column":15},"end":{"line":20,"column":33}},"8":{"start":{"line":22,"column":18},"end":{"line":26,"column":3}},"9":{"start":{"line":28,"column":2},"end":{"line":28,"column":29}},"10":{"start":{"line":31,"column":0},"end":{"line":31,"column":26}}},"fnMap":{"0":{"name":"(anonymous_0)","decl":{"start":{"line":17,"column":27},"end":{"line":17,"column":28}},"loc":{"start":{"line":17,"column":45},"end":{"line":29,"column":1}},"line":17}},"branchMap":{},"s":{"0":1,"1":1,"2":1,"3":1,"4":1,"5":0,"6":0,"7":0,"8":0,"9":0,"10":1},"f":{"0":0},"b":{},"_coverageSchema":"332fd63041d2c1bcb487cc26dd0d5f7d97098a6c","hash":"d2f7aa19199f99de9ad6ae89957a863d2f2236e5"}
}
