TN:
SF:/Users/Felix/projects/bloq/metronomejs/src/buildClient.js
FN:4,(anonymous_0)
FNF:1
FNH:0
FNDA:0,(anonymous_0)
DA:1,1
DA:2,1
DA:4,1
DA:6,1
LF:4
LH:4
BRF:0
BRH:0
end_of_record
TN:
SF:/Users/Felix/projects/bloq/metronomejs/src/buildContracts.js
FN:8,(anonymous_0)
FN:26,(anonymous_1)
FNF:2
FNH:0
FNDA:0,(anonymous_0)
FNDA:0,(anonymous_1)
DA:1,1
DA:2,1
DA:3,1
DA:4,1
DA:5,1
DA:8,1
DA:9,0
DA:10,0
DA:11,0
DA:12,0
DA:13,0
DA:16,0
DA:17,0
DA:18,0
DA:19,0
DA:20,0
DA:21,0
DA:24,0
DA:26,0
DA:31,1
LF:20
LH:7
BRF:0
BRH:0
end_of_record
TN:
SF:/Users/Felix/projects/bloq/metronomejs/src/buildInterface.js
FN:4,(anonymous_0)
FN:12,(anonymous_1)
FN:17,(anonymous_2)
FN:37,(anonymous_3)
FN:46,(anonymous_4)
FN:59,(anonymous_5)
FN:70,(anonymous_6)
FN:82,(anonymous_7)
FN:94,(anonymous_8)
FN:106,(anonymous_9)
FN:115,(anonymous_10)
FN:124,(anonymous_11)
FN:132,(anonymous_12)
FN:138,(anonymous_13)
FN:144,(anonymous_14)
FN:153,(anonymous_15)
FN:168,(anonymous_16)
FN:180,(anonymous_17)
FN:189,(anonymous_18)
FN:203,(anonymous_19)
FN:213,(anonymous_20)
FN:226,(anonymous_21)
FN:236,(anonymous_22)
FN:246,(anonymous_23)
FNF:24
FNH:0
FNDA:0,(anonymous_0)
FNDA:0,(anonymous_1)
FNDA:0,(anonymous_2)
FNDA:0,(anonymous_3)
FNDA:0,(anonymous_4)
FNDA:0,(anonymous_5)
FNDA:0,(anonymous_6)
FNDA:0,(anonymous_7)
FNDA:0,(anonymous_8)
FNDA:0,(anonymous_9)
FNDA:0,(anonymous_10)
FNDA:0,(anonymous_11)
FNDA:0,(anonymous_12)
FNDA:0,(anonymous_13)
FNDA:0,(anonymous_14)
FNDA:0,(anonymous_15)
FNDA:0,(anonymous_16)
FNDA:0,(anonymous_17)
FNDA:0,(anonymous_18)
FNDA:0,(anonymous_19)
FNDA:0,(anonymous_20)
FNDA:0,(anonymous_21)
FNDA:0,(anonymous_22)
FNDA:0,(anonymous_23)
DA:4,1
DA:8,0
DA:9,0
DA:12,1
DA:13,0
DA:14,0
DA:17,1
DA:25,0
DA:37,0
DA:46,0
DA:59,0
DA:70,0
DA:82,0
DA:95,0
DA:106,0
DA:115,0
DA:124,0
DA:132,0
DA:138,0
DA:144,0
DA:153,0
DA:168,0
DA:180,0
DA:189,0
DA:203,0
DA:213,0
DA:226,0
DA:236,0
DA:246,0
DA:249,1
LF:30
LH:4
BRF:0
BRH:0
end_of_record
TN:
SF:/Users/Felix/projects/bloq/metronomejs/src/index.js
FN:17,(anonymous_0)
FNF:1
FNH:0
FNDA:0,(anonymous_0)
DA:1,1
DA:2,1
DA:3,1
DA:5,1
DA:17,1
DA:18,0
DA:19,0
DA:20,0
DA:22,0
DA:28,0
DA:31,1
LF:11
LH:6
BRF:0
BRH:0
end_of_record
